<?xml version="1.0" encoding="UTF-8"?>
<!-- Generated by org.testng.reporters.JUnitReportReporter -->
<testsuite hostname="DESKTOP-SAS94KC" failures="0" tests="5" name="com.Module1.Login.LoginTest" time="10.072" errors="0" timestamp="2024-11-06T12:47:14 IST" skipped="0">
  <testcase classname="com.Module1.Login.LoginTest" name="loginTest" time="1.412"/>
  <testcase classname="com.Module1.Login.LoginTest" name="loginTest" time="1.893"/>
  <testcase classname="com.Module1.Login.LoginTest" name="loginTest" time="1.806"/>
  <testcase classname="com.Module1.Login.LoginTest" name="loginTest" time="4.712"/>
  <testcase classname="com.Module1.Login.LoginTest" name="loginTest" time="0.249"/>
</testsuite> <!-- com.Module1.Login.LoginTest -->
